<?xml version="1.0" encoding="UTF-8"?>
<!-- Generated by org.testng.reporters.JUnitXMLReporter -->
<testsuite ignored="0" hostname="Hagar-Elsayed" failures="1" tests="3" name="Test2" time="14.534" errors="0" timestamp="2021-06-24T16:53:24 EET">
  <testcase classname="completeScenarios.NEmailPwdWrong" name="enterRegisterationPage" time="1.54"/>
  <testcase classname="completeScenarios.NEmailPwdWrong" name="setNewUserData" time="1.226"/>
  <testcase classname="completeScenarios.NEmailPwdWrong" name="verifyUnSuccessfulRegisteration" time="0.005">
    <failure type="java.lang.NullPointerException" message="Cannot invoke &amp;quot;pages.AccountPage.getAlertMsgText()&amp;quot; because &amp;quot;this.accountPage&amp;quot; is null">
      <![CDATA[java.lang.NullPointerException: Cannot invoke "pages.AccountPage.getAlertMsgText()" because "this.accountPage" is null
at completeScenarios.NEmailPwdWrong.verifyUnSuccessfulRegisteration(NEmailPwdWrong.java:55)
at java.base/java.util.ArrayList.forEach(ArrayList.java:1511)
... Removed 27 stack frames]]>
    </failure>
  </testcase> <!-- verifyUnSuccessfulRegisteration -->
</testsuite> <!-- Test2 -->
