<?xml version="1.0" encoding="UTF-8"?>
<!-- Generated by org.testng.reporters.JUnitXMLReporter -->
<testsuite ignored="0" hostname="Hagar-Elsayed" failures="1" tests="6" name="Test1" time="23.591" errors="0" timestamp="2021-06-24T16:56:59 EET">
  <testcase classname="completeScenarios.NEmailEmp" name="enterRegisterationPage" time="1.447"/>
  <testcase classname="completeScenarios.NEmailEmp" name="setNewUserData" time="1.125"/>
  <testcase classname="completeScenarios.NEmailEmp" name="verifyUnSuccessfulRegisteration" time="0.021"/>
  <testcase classname="completeScenarios.NEmailPwdWrong" name="enterRegisterationPage" time="1.475"/>
  <testcase classname="completeScenarios.NEmailPwdWrong" name="setNewUserData" time="1.139"/>
  <testcase classname="completeScenarios.NEmailPwdWrong" name="verifyUnSuccessfulRegisteration" time="0.005">
    <failure type="java.lang.NullPointerException" message="Cannot invoke &amp;quot;pages.AccountPage.getAlertMsgText()&amp;quot; because &amp;quot;this.accountPage&amp;quot; is null">
      <![CDATA[java.lang.NullPointerException: Cannot invoke "pages.AccountPage.getAlertMsgText()" because "this.accountPage" is null
at completeScenarios.NEmailPwdWrong.verifyUnSuccessfulRegisteration(NEmailPwdWrong.java:55)
at java.base/java.util.ArrayList.forEach(ArrayList.java:1511)
... Removed 27 stack frames]]>
    </failure>
  </testcase> <!-- verifyUnSuccessfulRegisteration -->
</testsuite> <!-- Test1 -->
