<?xml version="1.0" encoding="UTF-8"?>
<!-- Generated by org.testng.reporters.JUnitXMLReporter -->
<testsuite ignored="0" hostname="Hagar-Elsayed" failures="0" tests="3" name="Test21" time="0.013" errors="0" timestamp="2021-06-24T16:39:38 EET">
  <testcase classname="base.BaseTest" name="@BeforeClass closeSession" time="0.001">
    <failure type="java.lang.NullPointerException" message="Cannot invoke &amp;quot;org.openqa.selenium.WebDriver.quit()&amp;quot; because &amp;quot;this.driver&amp;quot; is null">
      <![CDATA[java.lang.NullPointerException: Cannot invoke "org.openqa.selenium.WebDriver.quit()" because "this.driver" is null
at base.BaseTest.closeSession(BaseTest.java:51)
at java.base/java.util.ArrayList.forEach(ArrayList.java:1511)
... Removed 24 stack frames]]>
    </failure>
  </testcase> <!-- @BeforeClass closeSession -->
  <testcase classname="base.BaseTest" name="@BeforeClass init" time="-1.624545578825E9">
    <skipped/>
  </testcase> <!-- @BeforeClass init -->
  <testcase classname="completeScenarios.NFnameEmp" name="@BeforeClass initJsonReader" time="-1.624545578826E9">
    <skipped/>
  </testcase> <!-- @BeforeClass initJsonReader -->
  <testcase classname="completeScenarios.NFnameEmp" name="enterRegisterationPage" time="0.0">
    <skipped/>
  </testcase> <!-- enterRegisterationPage -->
  <testcase classname="completeScenarios.NFnameEmp" name="setNewUserData" time="0.0">
    <skipped/>
  </testcase> <!-- setNewUserData -->
  <testcase classname="completeScenarios.NFnameEmp" name="verifyUnSuccessfulRegisteration" time="0.0">
    <skipped/>
  </testcase> <!-- verifyUnSuccessfulRegisteration -->
</testsuite> <!-- Test21 -->
