<?xml version="1.0" encoding="UTF-8"?>
<!-- Generated by org.testng.reporters.JUnitXMLReporter -->
<testsuite ignored="0" hostname="Hagar-Elsayed" failures="1" tests="3" name="Test8" time="23.997" errors="0" timestamp="2021-06-24T16:45:12 EET">
  <testcase classname="completeScenarios.NFnameLnameNEqual" name="enterRegisterationPage" time="0.01">
    <failure type="java.lang.NullPointerException" message="Cannot invoke &amp;quot;pages.HomePage.clickMyAccountButton()&amp;quot; because &amp;quot;this.homePage&amp;quot; is null">
      <![CDATA[java.lang.NullPointerException: Cannot invoke "pages.HomePage.clickMyAccountButton()" because "this.homePage" is null
at completeScenarios.NFnameLnameNEqual.enterRegisterationPage(NFnameLnameNEqual.java:33)
at java.base/java.util.ArrayList.forEach(ArrayList.java:1511)
... Removed 27 stack frames]]>
    </failure>
  </testcase> <!-- enterRegisterationPage -->
  <testcase classname="completeScenarios.NFnameLnameNEqual" name="setNewUserData" time="0.0">
    <skipped/>
  </testcase> <!-- setNewUserData -->
  <testcase classname="completeScenarios.NFnameLnameNEqual" name="verifyUnSuccessfulRegisteration" time="0.0">
    <skipped/>
  </testcase> <!-- verifyUnSuccessfulRegisteration -->
</testsuite> <!-- Test8 -->
