<?xml version="1.0" encoding="UTF-8"?>
<!-- Generated by org.testng.reporters.JUnitXMLReporter -->
<testsuite ignored="0" hostname="Hagar-Elsayed" failures="0" tests="6" name="Test18" time="0.102" errors="0" timestamp="2021-06-24T16:39:38 EET">
  <testcase classname="completeScenarios.PosTest" name="enterRegisterationPage" time="0.0">
    <skipped/>
  </testcase> <!-- enterRegisterationPage -->
  <testcase classname="completeScenarios.PosTest" name="setNewUserData" time="0.0">
    <skipped/>
  </testcase> <!-- setNewUserData -->
  <testcase classname="completeScenarios.PosTest" name="verifySuccessfulRegisteration" time="0.0">
    <skipped/>
  </testcase> <!-- verifySuccessfulRegisteration -->
  <testcase classname="completeScenarios.PosTest" name="logout" time="0.0">
    <skipped/>
  </testcase> <!-- logout -->
  <testcase classname="completeScenarios.PosTest" name="setLoginCredintials" time="0.0">
    <skipped/>
  </testcase> <!-- setLoginCredintials -->
  <testcase classname="completeScenarios.PosTest" name="validateSuccessfulLogin" time="0.0">
    <skipped/>
  </testcase> <!-- validateSuccessfulLogin -->
</testsuite> <!-- Test18 -->
