<?xml version="1.0" encoding="UTF-8"?>
<!-- Generated by org.testng.reporters.JUnitXMLReporter -->
<testsuite ignored="0" hostname="Hagar-Elsayed" failures="12" tests="73" name="Test" time="308.316" errors="0" timestamp="2021-06-26T23:51:12 EET">
  <testcase classname="completeScenarios.PosTest" name="enterRegisterationPage" time="1.071"/>
  <testcase classname="completeScenarios.PosTest" name="setNewUserData" time="5.674">
    <failure type="java.lang.AssertionError" message="expected [My Account] but found [Register]">
      <![CDATA[java.lang.AssertionError: expected [My Account] but found [Register]
at completeScenarios.PosTest.setNewUserData(PosTest.java:55)
at java.base/java.util.ArrayList.forEach(ArrayList.java:1511)
... Removed 32 stack frames]]>
    </failure>
  </testcase> <!-- setNewUserData -->
  <testcase classname="completeScenarios.PosTest" name="verifySuccessfulRegisteration" time="0.0">
    <skipped/>
  </testcase> <!-- verifySuccessfulRegisteration -->
  <testcase classname="completeScenarios.PosTest" name="logout" time="0.0">
    <skipped/>
  </testcase> <!-- logout -->
  <testcase classname="completeScenarios.PosTest" name="setLoginCredintials" time="0.0">
    <skipped/>
  </testcase> <!-- setLoginCredintials -->
  <testcase classname="completeScenarios.PosTest" name="validateSuccessfulLogin" time="0.0">
    <skipped/>
  </testcase> <!-- validateSuccessfulLogin -->
  <testcase classname="completeScenarios.NUniqueEmail" name="precondition" time="6.816">
    <failure type="java.lang.AssertionError" message="expected [My Account] but found [Register]">
      <![CDATA[java.lang.AssertionError: expected [My Account] but found [Register]
at completeScenarios.NUniqueEmail.precondition(NUniqueEmail.java:51)
at java.base/java.util.ArrayList.forEach(ArrayList.java:1511)
... Removed 32 stack frames]]>
    </failure>
  </testcase> <!-- precondition -->
  <testcase classname="completeScenarios.NUniqueEmail" name="enterRegisterationPage" time="0.0">
    <skipped/>
  </testcase> <!-- enterRegisterationPage -->
  <testcase classname="completeScenarios.NUniqueEmail" name="setNewUserData" time="0.0">
    <skipped/>
  </testcase> <!-- setNewUserData -->
  <testcase classname="completeScenarios.NUniqueEmail" name="verifyUnSuccessfulRegisteration" time="0.0">
    <skipped/>
  </testcase> <!-- verifyUnSuccessfulRegisteration -->
  <testcase classname="completeScenarios.NEmailVal1" name="enterRegisterationPage" time="0.97"/>
  <testcase classname="completeScenarios.NEmailVal1" name="setNewUserData" time="5.564"/>
  <testcase classname="completeScenarios.NEmailVal1" name="verifyUnSuccessfulRegisteration" time="0.005"/>
  <testcase classname="completeScenarios.NFnameVal" name="enterRegisterationPage" time="0.909"/>
  <testcase classname="completeScenarios.NFnameVal" name="setNewUserData" time="2.156"/>
  <testcase classname="completeScenarios.NFnameVal" name="verifyUnSuccessfulRegisteration" time="0.007">
    <failure type="java.lang.AssertionError" message="expected [Register] but found [My Account]">
      <![CDATA[java.lang.AssertionError: expected [Register] but found [My Account]
at completeScenarios.NFnameVal.verifyUnSuccessfulRegisteration(NFnameVal.java:71)
at java.base/java.util.ArrayList.forEach(ArrayList.java:1511)
... Removed 32 stack frames]]>
    </failure>
  </testcase> <!-- verifyUnSuccessfulRegisteration -->
  <testcase classname="completeScenarios.NEmailVal2" name="enterRegisterationPage" time="1.011"/>
  <testcase classname="completeScenarios.NEmailVal2" name="setNewUserData" time="5.545"/>
  <testcase classname="completeScenarios.NEmailVal2" name="verifyUnSuccessfulRegisteration" time="0.023"/>
  <testcase classname="completeScenarios.NEmailVal3" name="enterRegisterationPage" time="1.332"/>
  <testcase classname="completeScenarios.NEmailVal3" name="setNewUserData" time="5.567"/>
  <testcase classname="completeScenarios.NEmailVal3" name="verifyUnSuccessfulRegisteration" time="0.021"/>
  <testcase classname="completeScenarios.NEmailVal4" name="enterRegisterationPage" time="0.935"/>
  <testcase classname="completeScenarios.NEmailVal4" name="setNewUserData" time="5.568"/>
  <testcase classname="completeScenarios.NEmailVal4" name="verifyUnSuccessfulRegisteration" time="0.022"/>
  <testcase classname="completeScenarios.NUniqueName" name="enterRegisterationPage" time="1.427"/>
  <testcase classname="completeScenarios.NUniqueName" name="setNewUserData" time="2.396"/>
  <testcase classname="completeScenarios.NUniqueName" name="verifyUnSuccessfulRegisteration" time="0.005">
    <failure type="java.lang.AssertionError" message="expected [Register] but found [My Account]">
      <![CDATA[java.lang.AssertionError: expected [Register] but found [My Account]
at completeScenarios.NUniqueName.verifyUnSuccessfulRegisteration(NUniqueName.java:60)
at java.base/java.util.ArrayList.forEach(ArrayList.java:1511)
... Removed 32 stack frames]]>
    </failure>
  </testcase> <!-- verifyUnSuccessfulRegisteration -->
  <testcase classname="completeScenarios.NPwdNsc" name="enterRegisterationPage" time="1.402"/>
  <testcase classname="completeScenarios.NPwdNsc" name="setNewUserData" time="1.879"/>
  <testcase classname="completeScenarios.NPwdNsc" name="verifyUnSuccessfulRegisteration" time="0.005">
    <failure type="java.lang.AssertionError" message="expected [Register] but found [My Account]">
      <![CDATA[java.lang.AssertionError: expected [Register] but found [My Account]
at completeScenarios.NPwdNsc.verifyUnSuccessfulRegisteration(NPwdNsc.java:66)
at java.base/java.util.ArrayList.forEach(ArrayList.java:1511)
... Removed 32 stack frames]]>
    </failure>
  </testcase> <!-- verifyUnSuccessfulRegisteration -->
  <testcase classname="completeScenarios.NPwdNnchar" name="enterRegisterationPage" time="0.928"/>
  <testcase classname="completeScenarios.NPwdNnchar" name="setNewUserData" time="2.34"/>
  <testcase classname="completeScenarios.NPwdNnchar" name="verifyUnSuccessfulRegisteration" time="0.004">
    <failure type="java.lang.AssertionError" message="expected [Register] but found [My Account]">
      <![CDATA[java.lang.AssertionError: expected [Register] but found [My Account]
at completeScenarios.NPwdNnchar.verifyUnSuccessfulRegisteration(NPwdNnchar.java:67)
at java.base/java.util.ArrayList.forEach(ArrayList.java:1511)
... Removed 32 stack frames]]>
    </failure>
  </testcase> <!-- verifyUnSuccessfulRegisteration -->
  <testcase classname="completeScenarios.NFnameLnameNEqual" name="enterRegisterationPage" time="1.276"/>
  <testcase classname="completeScenarios.NFnameLnameNEqual" name="setNewUserData" time="2.319"/>
  <testcase classname="completeScenarios.NFnameLnameNEqual" name="verifyUnSuccessfulRegisteration" time="0.005">
    <failure type="java.lang.AssertionError" message="expected [Register] but found [My Account]">
      <![CDATA[java.lang.AssertionError: expected [Register] but found [My Account]
at completeScenarios.NFnameLnameNEqual.verifyUnSuccessfulRegisteration(NFnameLnameNEqual.java:65)
at java.base/java.util.ArrayList.forEach(ArrayList.java:1511)
... Removed 32 stack frames]]>
    </failure>
  </testcase> <!-- verifyUnSuccessfulRegisteration -->
  <testcase classname="completeScenarios.NPwdNuc" name="enterRegisterationPage" time="1.905"/>
  <testcase classname="completeScenarios.NPwdNuc" name="setNewUserData" time="1.874"/>
  <testcase classname="completeScenarios.NPwdNuc" name="verifyUnSuccessfulRegisteration" time="0.004">
    <failure type="java.lang.AssertionError" message="expected [Register] but found [My Account]">
      <![CDATA[java.lang.AssertionError: expected [Register] but found [My Account]
at completeScenarios.NPwdNuc.verifyUnSuccessfulRegisteration(NPwdNuc.java:66)
at java.base/java.util.ArrayList.forEach(ArrayList.java:1511)
... Removed 32 stack frames]]>
    </failure>
  </testcase> <!-- verifyUnSuccessfulRegisteration -->
  <testcase classname="completeScenarios.NEmailPwdWrong" name="enterRegisterationPage" time="0.948"/>
  <testcase classname="completeScenarios.NEmailPwdWrong" name="setNewUserData" time="5.525"/>
  <testcase classname="completeScenarios.NEmailPwdWrong" name="verifyUnSuccessfulRegisteration" time="0.008"/>
  <testcase classname="completeScenarios.NPwdNlc" name="enterRegisterationPage" time="0.909"/>
  <testcase classname="completeScenarios.NPwdNlc" name="setNewUserData" time="1.65"/>
  <testcase classname="completeScenarios.NPwdNlc" name="verifyUnSuccessfulRegisteration" time="0.004">
    <failure type="java.lang.AssertionError" message="expected [Register] but found [My Account]">
      <![CDATA[java.lang.AssertionError: expected [Register] but found [My Account]
at completeScenarios.NPwdNlc.verifyUnSuccessfulRegisteration(NPwdNlc.java:66)
at java.base/java.util.ArrayList.forEach(ArrayList.java:1511)
... Removed 32 stack frames]]>
    </failure>
  </testcase> <!-- verifyUnSuccessfulRegisteration -->
  <testcase classname="completeScenarios.NLnameVal" name="enterRegisterationPage" time="1.267"/>
  <testcase classname="completeScenarios.NLnameVal" name="setNewUserData" time="1.815"/>
  <testcase classname="completeScenarios.NLnameVal" name="verifyUnSuccessfulRegisteration" time="0.003">
    <failure type="java.lang.AssertionError" message="expected [Register] but found [My Account]">
      <![CDATA[java.lang.AssertionError: expected [Register] but found [My Account]
at completeScenarios.NLnameVal.verifyUnSuccessfulRegisteration(NLnameVal.java:69)
at java.base/java.util.ArrayList.forEach(ArrayList.java:1511)
... Removed 32 stack frames]]>
    </failure>
  </testcase> <!-- verifyUnSuccessfulRegisteration -->
  <testcase classname="completeScenarios.NPwdEmp" name="enterRegisterationPage" time="1.42"/>
  <testcase classname="completeScenarios.NPwdEmp" name="setNewUserData" time="5.531"/>
  <testcase classname="completeScenarios.NPwdEmp" name="verifyUnSuccessfulRegisteration" time="0.005"/>
  <testcase classname="completeScenarios.NPhoneEmp" name="enterRegisterationPage" time="1.449"/>
  <testcase classname="completeScenarios.NPhoneEmp" name="setNewUserData" time="5.544"/>
  <testcase classname="completeScenarios.NPhoneEmp" name="verifyUnSuccessfulRegisteration" time="0.004"/>
  <testcase classname="completeScenarios.NEmailEmp" name="enterRegisterationPage" time="0.951"/>
  <testcase classname="completeScenarios.NEmailEmp" name="setNewUserData" time="5.539"/>
  <testcase classname="completeScenarios.NEmailEmp" name="verifyUnSuccessfulRegisteration" time="0.004"/>
  <testcase classname="completeScenarios.NFnameLnameWrong" name="enterRegisterationPage" time="0.967"/>
  <testcase classname="completeScenarios.NFnameLnameWrong" name="setNewUserData" time="1.975"/>
  <testcase classname="completeScenarios.NFnameLnameWrong" name="verifyUnSuccessfulRegisteration" time="0.006">
    <failure type="java.lang.AssertionError" message="expected [Register] but found [My Account]">
      <![CDATA[java.lang.AssertionError: expected [Register] but found [My Account]
at completeScenarios.NFnameLnameWrong.verifyUnSuccessfulRegisteration(NFnameLnameWrong.java:65)
at java.base/java.util.ArrayList.forEach(ArrayList.java:1511)
... Removed 32 stack frames]]>
    </failure>
  </testcase> <!-- verifyUnSuccessfulRegisteration -->
  <testcase classname="completeScenarios.NPwdLimit" name="enterRegisterationPage" time="0.937"/>
  <testcase classname="completeScenarios.NPwdLimit" name="setNewUserData" time="5.546"/>
  <testcase classname="completeScenarios.NPwdLimit" name="verifySuccessfulRegisteration" time="0.004">
    <failure type="java.lang.AssertionError" message="expected [My Account] but found [Register]">
      <![CDATA[java.lang.AssertionError: expected [My Account] but found [Register]
at completeScenarios.NPwdLimit.verifySuccessfulRegisteration(NPwdLimit.java:59)
at java.base/java.util.ArrayList.forEach(ArrayList.java:1511)
... Removed 32 stack frames]]>
    </failure>
  </testcase> <!-- verifySuccessfulRegisteration -->
  <testcase classname="completeScenarios.NPwdNMatch" name="enterRegisterationPage" time="1.392"/>
  <testcase classname="completeScenarios.NPwdNMatch" name="setNewUserData" time="5.552"/>
  <testcase classname="completeScenarios.NPwdNMatch" name="verifyUnSuccessfulRegisteration" time="0.026"/>
  <testcase classname="completeScenarios.NLnameEmp" name="enterRegisterationPage" time="0.956"/>
  <testcase classname="completeScenarios.NLnameEmp" name="setNewUserData" time="5.528"/>
  <testcase classname="completeScenarios.NLnameEmp" name="verifyUnSuccessfulRegisteration" time="0.005"/>
  <testcase classname="completeScenarios.NFnameEmp" name="enterRegisterationPage" time="0.922"/>
  <testcase classname="completeScenarios.NFnameEmp" name="setNewUserData" time="5.547"/>
  <testcase classname="completeScenarios.NFnameEmp" name="verifyUnSuccessfulRegisteration" time="0.005"/>
</testsuite> <!-- Test -->
