<?xml version="1.0" encoding="UTF-8"?>
<!-- Generated by org.testng.reporters.JUnitXMLReporter -->
<testsuite ignored="0" hostname="Hagar-Elsayed" failures="0" tests="3" name="Test10" time="0.027" errors="0" timestamp="2021-06-24T16:39:37 EET">
  <testcase classname="completeScenarios.NEmailPwdWrong" name="enterRegisterationPage" time="0.0">
    <skipped/>
  </testcase> <!-- enterRegisterationPage -->
  <testcase classname="completeScenarios.NEmailPwdWrong" name="setNewUserData" time="0.0">
    <skipped/>
  </testcase> <!-- setNewUserData -->
  <testcase classname="completeScenarios.NEmailPwdWrong" name="verifyUnSuccessfulRegisteration" time="0.0">
    <skipped/>
  </testcase> <!-- verifyUnSuccessfulRegisteration -->
</testsuite> <!-- Test10 -->
